Flow report for PCI_SLAVE
Mon Jun 25 17:28:01 2007
Version 6.0 Build 202 06/20/2006 Service Pack 1 SJ Full Version


---------------------
; Table of Contents ;
---------------------
  1. Legal Notice
  2. Flow Summary
  3. Flow Settings
  4. Flow Non-Default Global Settings
  5. Flow Elapsed Time
  6. Flow Log



----------------
; Legal Notice ;
----------------
Copyright (C) 1991-2006 Altera Corporation
Your use of Altera Corporation's design tools, logic functions 
and other software and tools, and its AMPP partner logic 
functions, and any output files any of the foregoing 
(including device programming or simulation files), and any 
associated documentation or information are expressly subject 
to the terms and conditions of the Altera Program License 
Subscription Agreement, Altera MegaCore Function License 
Agreement, or other applicable license agreement, including, 
without limitation, that your use is for the sole purpose of 
programming logic devices manufactured by Altera and sold by 
Altera or its authorized distributors.  Please refer to the 
applicable agreement for further details.



+------------------------------------------------------------------------------------+
; Flow Summary                                                                       ;
+------------------------------------+-----------------------------------------------+
; Flow Status                        ; Successful - Mon Jun 25 17:28:01 2007         ;
; Quartus II Version                 ; 6.0 Build 202 06/20/2006 SP 1 SJ Full Version ;
; Revision Name                      ; PCI_SLAVE                                     ;
; Top-level Entity Name              ; PCI_SLAVE                                     ;
; Family                             ; Cyclone II                                    ;
; Device                             ; EP2C35F672C7                                  ;
; Timing Models                      ; Final                                         ;
; Met timing requirements            ; Yes                                           ;
; Total logic elements               ; 200 / 33,216 ( < 1 % )                        ;
; Total registers                    ; 50                                            ;
; Total pins                         ; 394 / 475 ( 83 % )                            ;
; Total virtual pins                 ; 0                                             ;
; Total memory bits                  ; 0 / 483,840 ( 0 % )                           ;
; Embedded Multiplier 9-bit elements ; 0 / 70 ( 0 % )                                ;
; Total PLLs                         ; 0 / 4 ( 0 % )                                 ;
+------------------------------------+-----------------------------------------------+


+-----------------------------------------+
; Flow Settings                           ;
+-------------------+---------------------+
; Option            ; Setting             ;
+-------------------+---------------------+
; Start date & time ; 06/25/2007 17:27:17 ;
; Main task         ; Compilation         ;
; Revision Name     ; PCI_SLAVE           ;
+-------------------+---------------------+


+-----------------------------------------------------------------------------------------------------+
; Flow Non-Default Global Settings                                                                    ;
+---------------------------------+--------------+---------------+-------------+----------------------+
; Assignment Name                 ; Value        ; Default Value ; Entity Name ; Section Id           ;
+---------------------------------+--------------+---------------+-------------+----------------------+
; EDA_DESIGN_ENTRY_SYNTHESIS_TOOL ; Synplify Pro ; <None>        ; --          ; --                   ;
; EDA_LMF_FILE                    ; synplcty.lmf ; --            ; --          ; eda_design_synthesis ;
+---------------------------------+--------------+---------------+-------------+----------------------+


+-------------------------------------+
; Flow Elapsed Time                   ;
+----------------------+--------------+
; Module Name          ; Elapsed Time ;
+----------------------+--------------+
; Analysis & Synthesis ; 00:00:06     ;
; Fitter               ; 00:00:18     ;
; Assembler            ; 00:00:15     ;
; Timing Analyzer      ; 00:00:01     ;
; Total                ; 00:00:40     ;
+----------------------+--------------+


------------
; Flow Log ;
------------
quartus_map --read_settings_files=on --write_settings_files=off PCI_SLAVE -c PCI_SLAVE
quartus_fit --read_settings_files=off --write_settings_files=off PCI_SLAVE -c PCI_SLAVE
quartus_asm --read_settings_files=off --write_settings_files=off PCI_SLAVE -c PCI_SLAVE
quartus_tan --read_settings_files=off --write_settings_files=off PCI_SLAVE -c PCI_SLAVE --timing_analysis_only



