Flow report for AD5310BRM
Fri Jul 13 15:16:12 2007
Quartus II Version 7.1 Build 156 04/30/2007 SJ Full Version


---------------------
; Table of Contents ;
---------------------
  1. Legal Notice
  2. Flow Summary
  3. Flow Settings
  4. Flow Non-Default Global Settings
  5. Flow Elapsed Time
  6. Flow Log



----------------
; Legal Notice ;
----------------
Copyright (C) 1991-2007 Altera Corporation
Your use of Altera Corporation's design tools, logic functions 
and other software and tools, and its AMPP partner logic 
functions, and any output files from any of the foregoing 
(including device programming or simulation files), and any 
associated documentation or information are expressly subject 
to the terms and conditions of the Altera Program License 
Subscription Agreement, Altera MegaCore Function License 
Agreement, or other applicable license agreement, including, 
without limitation, that your use is for the sole purpose of 
programming logic devices manufactured by Altera and sold by 
Altera or its authorized distributors.  Please refer to the 
applicable agreement for further details.



+---------------------------------------------------------------------+
; Flow Summary                                                        ;
+--------------------------+------------------------------------------+
; Flow Status              ; Successful - Fri Jul 13 15:16:12 2007    ;
; Quartus II Version       ; 7.1 Build 156 04/30/2007 SJ Full Version ;
; Revision Name            ; AD5310BRM                                ;
; Top-level Entity Name    ; tlv5637                                  ;
; Family                   ; Stratix                                  ;
; Met timing requirements  ; Yes                                      ;
; Total logic elements     ; 88 / 10,570 ( < 1 % )                    ;
; Total pins               ; 61 / 336 ( 18 % )                        ;
; Total virtual pins       ; 0                                        ;
; Total memory bits        ; 0 / 920,448 ( 0 % )                      ;
; DSP block 9-bit elements ; 0 / 48 ( 0 % )                           ;
; Total PLLs               ; 0 / 6 ( 0 % )                            ;
; Total DLLs               ; 0 / 2 ( 0 % )                            ;
; Device                   ; EP1S10F484C5                             ;
; Timing Models            ; Final                                    ;
+--------------------------+------------------------------------------+


+-----------------------------------------+
; Flow Settings                           ;
+-------------------+---------------------+
; Option            ; Setting             ;
+-------------------+---------------------+
; Start date & time ; 07/13/2007 15:15:43 ;
; Main task         ; Compilation         ;
; Revision Name     ; AD5310BRM           ;
+-------------------+---------------------+


+-----------------------------------------------------------------------+
; Flow Non-Default Global Settings                                      ;
+------------------+---------+---------------+-------------+------------+
; Assignment Name  ; Value   ; Default Value ; Entity Name ; Section Id ;
+------------------+---------+---------------+-------------+------------+
; TOP_LEVEL_ENTITY ; tlv5637 ; AD5310BRM     ; --          ; --         ;
+------------------+---------+---------------+-------------+------------+


+----------------------------------------+
; Flow Elapsed Time                      ;
+-------------------------+--------------+
; Module Name             ; Elapsed Time ;
+-------------------------+--------------+
; Analysis & Synthesis    ; 00:00:04     ;
; Fitter                  ; 00:00:13     ;
; Assembler               ; 00:00:07     ;
; Classic Timing Analyzer ; 00:00:01     ;
; Total                   ; 00:00:25     ;
+-------------------------+--------------+


------------
; Flow Log ;
------------
quartus_map --read_settings_files=on --write_settings_files=off tlv5637 -c AD5310BRM
quartus_fit --read_settings_files=off --write_settings_files=off tlv5637 -c AD5310BRM
quartus_asm --read_settings_files=off --write_settings_files=off tlv5637 -c AD5310BRM
quartus_tan --read_settings_files=off --write_settings_files=off tlv5637 -c AD5310BRM --timing_analysis_only



